
> web@0.1.0 build
> next build

[33m[1m⚠[22m[39m Warning: Next.js inferred your workspace root, but it may not be correct.
 We detected multiple lockfiles and selected the directory of /Users/BL/ai-learning-platform/package-lock.json as the root directory.
 To silence this warning, set `turbopack.root` in your Next.js config, or consider removing one of the lockfiles if it's not needed.
   See https://nextjs.org/docs/app/api-reference/config/next-config-js/turbopack#root-directory for more information.
 Detected additional lockfiles: 
   * /Users/BL/ai-learning-platform/apps/web/package-lock.json

[1m[38;2;173;127;168m▲ Next.js 16.2.6[39m[22m (Turbopack)
- Environments: .env.local

[37m[1m [22m[39m Creating an optimized production build ...
[32m[1m✓[22m[39m Compiled successfully in 18.1s
[?25l[37m[1m [22m[39m Running TypeScript  [36m.[39m[2K[1G[37m[1m [22m[39m Running TypeScript  [36m..[39m[2K[1G[37m[1m [22m[39m Running TypeScript  [36m...[39m[2K[1G[37m[1m [22m[39m Running TypeScript  [36m.[39m[2K[1G[37m[1m [22m[39m Running TypeScript  [36m..[39m[2K[1G[37m[1m [22m[39m Running TypeScript  [36m...[39m[2K[1G[37m[1m [22m[39m Running TypeScript  [36m.[39m[2K[1G[37m[1m [22m[39m Running TypeScript  [36m..[39m[2K[1G[37m[1m [22m[39m Running TypeScript  [36m...[39m[2K[1G[37m[1m [22m[39m Running TypeScript  [36m.[39m[2K[1G[37m[1m [22m[39m Running TypeScript  [36m..[39m[2K[1G[37m[1m [22m[39m Running TypeScript  [36m...[39m[2K[1G[37m[1m [22m[39m Running TypeScript  [36m.[39m[2K[1G[37m[1m [22m[39m Running TypeScript  [36m..[39m[2K[1G[37m[1m [22m[39m Running TypeScript  [36m...[39m[2K[1G[37m[1m [22m[39m Running TypeScript  [36m.[39m[2K[1G[37m[1m [22m[39m Running TypeScript  [36m..[39m[2K[1G[37m[1m [22m[39m Running TypeScript  [36m...[39m[2K[1G[37m[1m [22m[39m Running TypeScript  [36m.[39m[2K[1G[37m[1m [22m[39m Running TypeScript  [36m..[39m[2K[1G[37m[1m [22m[39m Running TypeScript  [36m...[39m[2K[1G[37m[1m [22m[39m Running TypeScript  [36m.[39m[2K[1G[37m[1m [22m[39m Running TypeScript  [36m..[39m[2K[1G[37m[1m [22m[39m Running TypeScript  [36m...[39m[2K[1G[37m[1m [22m[39m Running TypeScript  [36m.[39m[2K[1G[37m[1m [22m[39m Running TypeScript  [36m..[39m[2K[1G[37m[1m [22m[39m Running TypeScript  [36m...[39m[2K[1G[37m[1m [22m[39m Running TypeScript  [36m.[39m[2K[1G[?25h[?25l[37m[1m [22m[39m Finished TypeScript in 5.6s  [36m.[39m[2K[1G[?25h[37m[1m [22m[39m Finished TypeScript in 5.6s    [32m[1m✓[22m[39m Finished TypeScript in 5.6s 
[?25l[37m[1m [22m[39m Collecting page data using 3 workers  [36m.[39m[2K[1G[37m[1m [22m[39m Collecting page data using 3 workers  [36m..[39m[2K[1G[37m[1m [22m[39m Collecting page data using 3 workers  [36m...[39m[2K[1G[37m[1m [22m[39m Collecting page data using 3 workers  [36m.[39m[2K[1G[37m[1m [22m[39m Collecting page data using 3 workers  [36m..[39m[2K[1G[37m[1m [22m[39m Collecting page data using 3 workers  [36m...[39m[2K[1G[37m[1m [22m[39m Collecting page data using 3 workers  [36m.[39m[2K[1G[?25h[37m[1m [22m[39m Collecting page data using 3 workers in 1249ms    [32m[1m✓[22m[39m Collecting page data using 3 workers in 1249ms 
[?25l[37m[1m [22m[39m Generating static pages using 3 workers (0/28)  [36m[    ][39m[2K[1G[37m[1m [22m[39m Generating static pages using 3 workers (0/28)  [36m[=   ][39m[2K[1G[37m[1m [22m[39m Generating static pages using 3 workers (0/28)  [36m[==  ][39m[2K[1G[37m[1m [22m[39m Generating static pages using 3 workers (8/28)  [36m[=== ][39m[2K[1G[37m[1m [22m[39m Generating static pages using 3 workers (16/28)  [36m[ ===][39m[2K[1G[?25h[32m[1m✓[22m[39m Generating static pages using 3 workers (28/28) in 887ms
[?25l[37m[1m [22m[39m Finalizing page optimization  [36m.[39m[2K[1G[?25h[37m[1m [22m[39m Finalizing page optimization in 10ms    [32m[1m✓[22m[39m Finalizing page optimization in 10ms 

[4mRoute (app)[24m
┌ ○ /
├ ○ /_not-found
├ ○ /activity
├ ○ /admin
├ ○ /admin/analytics
├ ○ /admin/users
├ ○ /dashboard
├ ○ /interview-prep
├ ○ /interview-prep/history
├ ○ /job-readiness
├ ○ /learning
├ ○ /learning-analytics
├ ○ /login
├ ○ /mock-interview
├ ○ /portfolio-analyzer
├ ○ /profile
├ ○ /project-recommendation
├ ○ /quiz
├ ○ /quiz/history
├ ƒ /quiz/history/[id]
├ ○ /register
├ ○ /resource-recommendation
├ ○ /resume
├ ○ /resume/history
├ ○ /roadmap
├ ○ /roadmap/history
├ ○ /skill-gap
└ ○ /skill-gap/history


○  (Static)   prerendered as static content
ƒ  (Dynamic)  server-rendered on demand

[?25h⠙[1G[0K
